2022-08-11 01:40:01 - [31merror[39m - [31mError on database connection: MongoServerError: bad auth : Authentication failed.[39m
2022-08-11 01:43:47 - [31merror[39m - [31mError on database connection: MongoServerError: bad auth : Authentication failed.[39m
2022-08-11 02:12:44 - [31merror[39m - [31mError: Cannot set headers after they are sent to the client[39m
2022-08-11 11:08:32 - [31merror[39m - [31mError: E11000 duplicate key error collection: test.movies index: title_1 dup key: { title: "Avengers: End Game" }[39m
2022-08-11 11:10:20 - [31merror[39m - [31mError: E11000 duplicate key error collection: test.movies index: title_1 dup key: { title: "Avengers: End Game" }[39m
2022-08-11 11:10:23 - [31merror[39m - [31mError: E11000 duplicate key error collection: test.movies index: title_1 dup key: { title: "Avengers: End Game" }[39m
2022-08-11 11:11:01 - [31merror[39m - [31mError: E11000 duplicate key error collection: test.movies index: title_1 dup key: { title: "Avengers: End Game" }[39m
2022-08-11 11:11:15 - [31merror[39m - [31mError: E11000 duplicate key error collection: test.movies index: title_1 dup key: { title: "Avengers: End Game" }[39m
2022-08-11 11:11:41 - [31merror[39m - [31mError: E11000 duplicate key error collection: test.movies index: title_1 dup key: { title: "Avengers: End Game" }[39m
2022-08-11 11:11:59 - [31merror[39m - [31mError: E11000 duplicate key error collection: test.movies index: title_1 dup key: { title: "Avengers: End Game" }[39m
2022-08-11 11:13:33 - [31merror[39m - [31mError: E11000 duplicate key error collection: test.movies index: title_1 dup key: { title: "Avengers: End Game" }[39m
2022-08-11 11:13:36 - [31merror[39m - [31mError: E11000 duplicate key error collection: test.movies index: title_1 dup key: { title: "Avengers: End Game" }[39m
2022-08-11 11:14:00 - [31merror[39m - [31mError: E11000 duplicate key error collection: test.movies index: title_1 dup key: { title: "Avengers: End Game" }[39m
2022-08-11 11:14:04 - [31merror[39m - [31mError: E11000 duplicate key error collection: test.movies index: title_1 dup key: { title: "Avengers: End Game" }[39m
2022-08-11 11:14:09 - [31merror[39m - [31mError: E11000 duplicate key error collection: test.movies index: title_1 dup key: { title: "Avengers: End Game" }[39m
2022-08-11 11:22:36 - [31merror[39m - [31mError: E11000 duplicate key error collection: test.movies index: title_1 dup key: { title: "Avengers: End Game" }[39m
2022-08-11 11:29:36 - [31merror[39m - [31mError: E11000 duplicate key error collection: test.movies index: title_1 dup key: { title: "Avengers: End Game" }[39m
2022-08-11 11:38:50 - [31merror[39m - [31mError: Cast to ObjectId failed for value "id" (type string) at path "_id" for model "Movie"[39m
2022-08-11 11:39:10 - [31merror[39m - [31mError: Cast to ObjectId failed for value "5" (type string) at path "_id" for model "Movie"[39m
2022-08-11 11:41:58 - [31merror[39m - [31mError: Cast to ObjectId failed for value "5" (type string) at path "_id" for model "Movie"[39m
2022-08-11 11:42:29 - [31merror[39m - [31mError: Cast to ObjectId failed for value "5" (type string) at path "_id" for model "Movie"[39m
2022-08-11 11:42:31 - [31merror[39m - [31mError: Cast to ObjectId failed for value "5" (type string) at path "_id" for model "Movie"[39m
2022-08-11 11:42:50 - [31merror[39m - [31mError: Cast to ObjectId failed for value "5" (type number) at path "_id" for model "Movie"[39m
2022-08-11 11:43:05 - [31merror[39m - [31mError: Cast to ObjectId failed for value "{ id: '5' }" (type Object) at path "_id" for model "Movie"[39m
2022-08-11 11:46:26 - [31merror[39m - [31mError: Cast to ObjectId failed for value "62f5162e3bdb2d0b42f344" (type string) at path "_id" for model "Movie"[39m
2022-08-11 11:47:26 - [31merror[39m - [31mError: Cast to ObjectId failed for value "62f5162e3bdb2d0b42f343b0," (type string) at path "_id" for model "Movie"[39m
2022-08-11 11:47:30 - [31merror[39m - [31mError: Cannot set headers after they are sent to the client[39m
2022-08-11 12:22:44 - [31merror[39m - [31mError: Cannot set headers after they are sent to the client[39m
2022-08-11 12:23:29 - [31merror[39m - [31mError: Cannot set headers after they are sent to the client[39m
2022-08-11 12:24:38 - [31merror[39m - [31mError: Cannot set headers after they are sent to the client[39m
2022-08-11 12:25:28 - [31merror[39m - [31mError: Cannot set headers after they are sent to the client[39m
2022-08-11 12:40:35 - [31merror[39m - [31mError: Parameter "filter" to updateOne() must be an object, got 62f51b37bd6a3eaac70f62e2[39m
